Using pre-set license
Built from '2022.3/staging' branch; Version is '2022.3.14f1 (eff2de9070d8) revision 15725278'; Using compiler version '192829333'; Build Type 'Release'
OS: 'Windows 10  (10.0.19045) 64bit Professional' Language: 'tr' Physical Memory: 16216 MB
BatchMode: 1, IsHumanControllingUs: 0, StartBugReporterOnCrash: 0, Is64bit: 1, IsPro: 1

COMMAND LINE ARGUMENTS:
D:\UnityAll\2022.3.14f1\Editor\Unity.exe
-adb2
-batchMode
-noUpm
-name
AssetImportWorker0
-projectPath
C:/Users/CanBe/Documents/UnityProjects/VRArtGallery/VR-Art-Gallery
-logFile
Logs/AssetImportWorker0.log
-srvPort
61922
Successfully changed project path to: C:/Users/CanBe/Documents/UnityProjects/VRArtGallery/VR-Art-Gallery
C:/Users/CanBe/Documents/UnityProjects/VRArtGallery/VR-Art-Gallery
[UnityMemory] Configuration Parameters - Can be set up in boot.config
    "memorysetup-bucket-allocator-granularity=16"
    "memorysetup-bucket-allocator-bucket-count=8"
    "memorysetup-bucket-allocator-block-size=33554432"
    "memorysetup-bucket-allocator-block-count=8"
    "memorysetup-main-allocator-block-size=16777216"
    "memorysetup-thread-allocator-block-size=16777216"
    "memorysetup-gfx-main-allocator-block-size=16777216"
    "memorysetup-gfx-thread-allocator-block-size=16777216"
    "memorysetup-cache-allocator-block-size=4194304"
    "memorysetup-typetree-allocator-block-size=2097152"
    "memorysetup-profiler-bucket-allocator-granularity=16"
    "memorysetup-profiler-bucket-allocator-bucket-count=8"
    "memorysetup-profiler-bucket-allocator-block-size=33554432"
    "memorysetup-profiler-bucket-allocator-block-count=8"
    "memorysetup-profiler-allocator-block-size=16777216"
    "memorysetup-profiler-editor-allocator-block-size=1048576"
    "memorysetup-temp-allocator-size-main=16777216"
    "memorysetup-job-temp-allocator-block-size=2097152"
    "memorysetup-job-temp-allocator-block-size-background=1048576"
    "memorysetup-job-temp-allocator-reduction-small-platforms=262144"
    "memorysetup-allocator-temp-initial-block-size-main=262144"
    "memorysetup-allocator-temp-initial-block-size-worker=262144"
    "memorysetup-temp-allocator-size-background-worker=32768"
    "memorysetup-temp-allocator-size-job-worker=262144"
    "memorysetup-temp-allocator-size-preload-manager=33554432"
    "memorysetup-temp-allocator-size-nav-mesh-worker=65536"
    "memorysetup-temp-allocator-size-audio-worker=65536"
    "memorysetup-temp-allocator-size-cloud-worker=32768"
    "memorysetup-temp-allocator-size-gi-baking-worker=262144"
    "memorysetup-temp-allocator-size-gfx=262144"
Player connection [22664] Host "[IP] 192.168.56.1 [Port] 0 [Flags] 2 [Guid] 1894000890 [EditorId] 1894000890 [Version] 1048832 [Id] WindowsEditor(7,BCU) [Debug] 1 [PackageName] WindowsEditor [ProjectName] Editor" joined multi-casting on [225.0.0.222:54997]...

Player connection [22664] Host "[IP] 192.168.56.1 [Port] 0 [Flags] 2 [Guid] 1894000890 [EditorId] 1894000890 [Version] 1048832 [Id] WindowsEditor(7,BCU) [Debug] 1 [PackageName] WindowsEditor [ProjectName] Editor" joined alternative multi-casting on [225.0.0.222:34997]...

[Physics::Module] Initialized MultithreadedJobDispatcher with 15 workers.
Refreshing native plugins compatible for Editor in 24.51 ms, found 9 plugins.
Preloading 0 native plugins for Editor in 0.00 ms.
Initialize engine version: 2022.3.14f1 (eff2de9070d8)
[Subsystems] Discovering subsystems at path D:/UnityAll/2022.3.14f1/Editor/Data/Resources/UnitySubsystems
[Subsystems] Discovering subsystems at path C:/Users/CanBe/Documents/UnityProjects/VRArtGallery/VR-Art-Gallery/Assets
GfxDevice: creating device client; threaded=0; jobified=0
Direct3D:
    Version:  Direct3D 11.0 [level 11.1]
    Renderer: NVIDIA GeForce RTX 2070 (ID=0x1f14)
    Vendor:   NVIDIA
    VRAM:     8031 MB
    Driver:   30.0.15.1289
Initialize mono
Mono path[0] = 'D:/UnityAll/2022.3.14f1/Editor/Data/Managed'
Mono path[1] = 'D:/UnityAll/2022.3.14f1/Editor/Data/MonoBleedingEdge/lib/mono/unityjit-win32'
Mono config path = 'D:/UnityAll/2022.3.14f1/Editor/Data/MonoBleedingEdge/etc'
Using monoOptions --debugger-agent=transport=dt_socket,embedding=1,server=y,suspend=n,address=127.0.0.1:56984
Begin MonoManager ReloadAssembly
Registering precompiled unity dll's ...
Register platform support module: D:/UnityAll/2022.3.14f1/Editor/Data/PlaybackEngines/WebGLSupport/UnityEditor.WebGL.Extensions.dll
Register platform support module: D:/UnityAll/2022.3.14f1/Editor/Data/PlaybackEngines/AndroidPlayer/UnityEditor.Android.Extensions.dll
Register platform support module: D:/UnityAll/2022.3.14f1/Editor/Data/PlaybackEngines/WindowsStandaloneSupport/UnityEditor.WindowsStandalone.Extensions.dll
Registered in 0.006848 seconds.
- Loaded All Assemblies, in  0.462 seconds
Native extension for WindowsStandalone target not found
Native extension for Android target not found
Android Extension - Scanning For ADB Devices 273 ms
Native extension for WebGL target not found
Mono: successfully reloaded assembly
- Finished resetting the current domain, in  0.695 seconds
Domain Reload Profiling: 1157ms
	BeginReloadAssembly (117ms)
		ExecutionOrderSort (0ms)
		DisableScriptedObjects (0ms)
		BackupInstance (0ms)
		ReleaseScriptingObjects (0ms)
		CreateAndSetChildDomain (1ms)
	RebuildCommonClasses (41ms)
	RebuildNativeTypeToScriptingClass (14ms)
	initialDomainReloadingComplete (61ms)
	LoadAllAssembliesAndSetupDomain (228ms)
		LoadAssemblies (117ms)
		RebuildTransferFunctionScriptingTraits (0ms)
		AnalyzeDomain (225ms)
			TypeCache.Refresh (223ms)
				TypeCache.ScanAssembly (200ms)
			ScanForSourceGeneratedMonoScriptInfo (1ms)
			ResolveRequiredComponents (1ms)
	FinalizeReload (696ms)
		ReleaseScriptCaches (0ms)
		RebuildScriptCaches (0ms)
		SetupLoadedEditorAssemblies (618ms)
			LogAssemblyErrors (0ms)
			InitializePlatformSupportModulesInManaged (413ms)
			SetLoadedEditorAssemblies (6ms)
			RefreshPlugins (0ms)
			BeforeProcessingInitializeOnLoad (3ms)
			ProcessInitializeOnLoadAttributes (135ms)
			ProcessInitializeOnLoadMethodAttributes (59ms)
			AfterProcessingInitializeOnLoad (0ms)
			EditorAssembliesLoaded (0ms)
		ExecutionOrderSort2 (0ms)
		AwakeInstancesAfterBackupRestoration (0ms)
========================================================================
Worker process is ready to serve import requests
Begin MonoManager ReloadAssembly
- Loaded All Assemblies, in  0.851 seconds
Refreshing native plugins compatible for Editor in 19.84 ms, found 9 plugins.
Native extension for WindowsStandalone target not found
Native extension for Android target not found
Native extension for WebGL target not found
Package Manager log level set to [2]
[Package Manager] Server::EnsureServerProcessIsRunning -- launch failed, reason: Unity was launched with the -noUpm command-line argument
[Package Manager] UpmClient::Send -- Unable to send message (not connected to UPM process).
[Package Manager] Cannot connect to Unity Package Manager local server
[Package Manager] Server::EnsureServerProcessIsRunning -- launch failed, reason: Unity was launched with the -noUpm command-line argument
[Package Manager] UpmClient::Send -- Unable to send message (not connected to UPM process).
[Package Manager] Cannot connect to Unity Package Manager local server
Mono: successfully reloaded assembly
[Package Manager] Server::EnsureServerProcessIsRunning -- launch failed, reason: Unity was launched with the -noUpm command-line argument
[Package Manager] UpmClient::Send -- Unable to send message (not connected to UPM process).
[Package Manager] Cannot connect to Unity Package Manager local server
[Package Manager] Server::EnsureServerProcessIsRunning -- launch failed, reason: Unity was launched with the -noUpm command-line argument
[Package Manager] UpmClient::Send -- Unable to send message (not connected to UPM process).
[Package Manager] Cannot connect to Unity Package Manager local server
- Finished resetting the current domain, in  0.918 seconds
Domain Reload Profiling: 1766ms
	BeginReloadAssembly (157ms)
		ExecutionOrderSort (0ms)
		DisableScriptedObjects (6ms)
		BackupInstance (0ms)
		ReleaseScriptingObjects (0ms)
		CreateAndSetChildDomain (22ms)
	RebuildCommonClasses (38ms)
	RebuildNativeTypeToScriptingClass (13ms)
	initialDomainReloadingComplete (43ms)
	LoadAllAssembliesAndSetupDomain (597ms)
		LoadAssemblies (365ms)
		RebuildTransferFunctionScriptingTraits (0ms)
		AnalyzeDomain (325ms)
			TypeCache.Refresh (272ms)
				TypeCache.ScanAssembly (250ms)
			ScanForSourceGeneratedMonoScriptInfo (36ms)
			ResolveRequiredComponents (15ms)
	FinalizeReload (919ms)
		ReleaseScriptCaches (0ms)
		RebuildScriptCaches (0ms)
		SetupLoadedEditorAssemblies (704ms)
			LogAssemblyErrors (0ms)
			InitializePlatformSupportModulesInManaged (26ms)
			SetLoadedEditorAssemblies (4ms)
			RefreshPlugins (0ms)
			BeforeProcessingInitializeOnLoad (107ms)
			ProcessInitializeOnLoadAttributes (444ms)
			ProcessInitializeOnLoadMethodAttributes (119ms)
			AfterProcessingInitializeOnLoad (3ms)
			EditorAssembliesLoaded (0ms)
		ExecutionOrderSort2 (0ms)
		AwakeInstancesAfterBackupRestoration (6ms)
Launched and connected shader compiler UnityShaderCompiler.exe after 0.04 seconds
Refreshing native plugins compatible for Editor in 18.06 ms, found 9 plugins.
Preloading 0 native plugins for Editor in 0.00 ms.
Unloading 6256 Unused Serialized files (Serialized files now loaded: 0)
Unloading 127 unused Assets / (2.2 MB). Loaded Objects now: 6700.
Memory consumption went from 231.2 MB to 229.0 MB.
Total: 5.008700 ms (FindLiveObjects: 0.498400 ms CreateObjectMapping: 0.565500 ms MarkObjects: 3.250800 ms  DeleteObjects: 0.693200 ms)

AssetImportParameters requested are different than current active one (requested -> active):
  custom:container-demuxer-ogg: 62fdf1f143b41e24485cea50d1cbac27 -> 
  custom:video-decoder-ogg-theora: a1e56fd34408186e4bbccfd4996cb3dc -> 
  custom:framework-win-MediaFoundation: 216162199b28c13a410421893ffa2e32 -> 
  custom:CustomObjectIndexerAttribute: d54d2f2da18e7612c182cf67624b6b12 -> 
  custom:container-demuxer-webm: 4f35f7cbe854078d1ac9338744f61a02 -> 
  custom:container-muxer-webm: aa71ff27fc2769a1b78a27578f13a17b -> 
  custom:video-decoder-webm-vp8: 9c59270c3fd7afecdb556c50c9e8de78 -> 
  custom:SearchIndexIgnoredProperties: e643bd26f0fe6173181afceb89e7c659 -> 
  custom:AudioImporter_EditorPlatform: d09bf68614088b80899f8185d706f6e7 -> 
  custom:scripting/monoscript/fileName/MenuUtils.cs: ef61e56f05605c149332b0b451f694ed -> 
  custom:video-encoder-webm-vp8: eb34c28f22e8b96e1ab97ce403110664 -> 
  custom:audio-decoder-ogg-vorbis: bf7c407c2cedff20999df2af8eb42d56 -> 
  custom:audio-encoder-webm-vorbis: bf7c407c2cedff20999df2af8eb42d56 -> 
========================================================================
Received Import Request.
  Time since last request: 639226.803263 seconds.
  path: Assets/AK Studio Art/Art Gallery Vol.5/Settings
  artifactKey: Guid(6310f937c0bd8a84388d76e143303491) Importer(815301076,1909f56bfc062723c751e8b465ee728b)
Start importing Assets/AK Studio Art/Art Gallery Vol.5/Settings using Guid(6310f937c0bd8a84388d76e143303491) Importer(815301076,1909f56bfc062723c751e8b465ee728b)  -> (artifact id: 'f3aeab1c773900bbc2237df2f202747e') in 0.002251 seconds
Number of updated asset objects reloaded before import = 0
Number of asset objects unloaded after import = 0
========================================================================
Received Import Request.
  Time since last request: 0.000023 seconds.
  path: Assets/AK Studio Art/Art Gallery Vol.5/Settings/URP/UniversalRenderPipelineAsset_Renderer.asset
  artifactKey: Guid(dd28139119f29964587722bb92b96d84) Importer(815301076,1909f56bfc062723c751e8b465ee728b)
Start importing Assets/AK Studio Art/Art Gallery Vol.5/Settings/URP/UniversalRenderPipelineAsset_Renderer.asset using Guid(dd28139119f29964587722bb92b96d84) Importer(815301076,1909f56bfc062723c751e8b465ee728b)  -> (artifact id: 'e84c2dc511d4b9dcb5c434d4b3aa1b14') in 0.019035 seconds
Number of updated asset objects reloaded before import = 0
Number of asset objects unloaded after import = 2
========================================================================
Received Import Request.
  Time since last request: 0.000053 seconds.
  path: Assets/AK Studio Art/Art Gallery Vol.5/Settings/URP
  artifactKey: Guid(06309163973ab6e479d4cfa158178eb9) Importer(815301076,1909f56bfc062723c751e8b465ee728b)
Start importing Assets/AK Studio Art/Art Gallery Vol.5/Settings/URP using Guid(06309163973ab6e479d4cfa158178eb9) Importer(815301076,1909f56bfc062723c751e8b465ee728b)  -> (artifact id: '6087af9424bd454ba222d4b5a55500e3') in 0.000482 seconds
Number of updated asset objects reloaded before import = 0
Number of asset objects unloaded after import = 0
========================================================================
Received Prepare
Switching render pipeline 00000000000000000000000000000000 -> 730120d7f59edef4b9a3ba2238c7c3a1
Refreshing native plugins compatible for Editor in 14.38 ms, found 9 plugins.
Preloading 0 native plugins for Editor in 0.00 ms.
Unloading 22 Unused Serialized files (Serialized files now loaded: 0)
Unloading 18 unused Assets / (2.1 MB). Loaded Objects now: 6706.
Memory consumption went from 109.3 MB to 107.1 MB.
Total: 5.628200 ms (FindLiveObjects: 0.518500 ms CreateObjectMapping: 0.539700 ms MarkObjects: 4.020000 ms  DeleteObjects: 0.549100 ms)

Prepare: number of updated asset objects reloaded= 0
AssetImportParameters requested are different than current active one (requested -> active):
  custom:container-demuxer-ogg: 62fdf1f143b41e24485cea50d1cbac27 -> 
  custom:video-decoder-ogg-theora: a1e56fd34408186e4bbccfd4996cb3dc -> 
  custom:framework-win-MediaFoundation: 216162199b28c13a410421893ffa2e32 -> 
  custom:CustomObjectIndexerAttribute: d54d2f2da18e7612c182cf67624b6b12 -> 
  custom:container-demuxer-webm: 4f35f7cbe854078d1ac9338744f61a02 -> 
  custom:container-muxer-webm: aa71ff27fc2769a1b78a27578f13a17b -> 
  custom:video-decoder-webm-vp8: 9c59270c3fd7afecdb556c50c9e8de78 -> 
  custom:SearchIndexIgnoredProperties: e643bd26f0fe6173181afceb89e7c659 -> 
  custom:AudioImporter_EditorPlatform: d09bf68614088b80899f8185d706f6e7 -> 
  custom:scripting/monoscript/fileName/MenuUtils.cs: ef61e56f05605c149332b0b451f694ed -> 
  custom:video-encoder-webm-vp8: eb34c28f22e8b96e1ab97ce403110664 -> 
  custom:audio-decoder-ogg-vorbis: bf7c407c2cedff20999df2af8eb42d56 -> 
  custom:audio-encoder-webm-vorbis: bf7c407c2cedff20999df2af8eb42d56 -> 
========================================================================
Received Import Request.
  Time since last request: 17.228786 seconds.
  path: Assets/AK Studio Art/Art Gallery Vol.5/Settings/URP/Render Pipeline URP.asset
  artifactKey: Guid(730120d7f59edef4b9a3ba2238c7c3a1) Importer(815301076,1909f56bfc062723c751e8b465ee728b)
Start importing Assets/AK Studio Art/Art Gallery Vol.5/Settings/URP/Render Pipeline URP.asset using Guid(730120d7f59edef4b9a3ba2238c7c3a1) Importer(815301076,1909f56bfc062723c751e8b465ee728b)  -> (artifact id: '1ac78c16e276cc4c9a55c576ff60860a') in 0.001300 seconds
Number of updated asset objects reloaded before import = 0
Number of asset objects unloaded after import = 0
========================================================================
Received Import Request.
  Time since last request: 21.960708 seconds.
  path: Assets/AK Studio Art/Art Gallery Vol.5/Materials/Abstract Figures.mat
  artifactKey: Guid(cde6ebe56322d8743bbd67a80e0d49f2) Importer(815301076,1909f56bfc062723c751e8b465ee728b)
Start importing Assets/AK Studio Art/Art Gallery Vol.5/Materials/Abstract Figures.mat using Guid(cde6ebe56322d8743bbd67a80e0d49f2) Importer(815301076,1909f56bfc062723c751e8b465ee728b)  -> (artifact id: 'f996b147f3b637316c0e7eb42b65c2b9') in 0.853870 seconds
Number of updated asset objects reloaded before import = 0
Number of asset objects unloaded after import = 5
========================================================================
Received Import Request.
  Time since last request: 0.000029 seconds.
  path: Assets/AK Studio Art/Art Gallery Vol.5/Materials/Picture Big 5.mat
  artifactKey: Guid(63a4fa3db0d1cd546941a43b4de632ec) Importer(815301076,1909f56bfc062723c751e8b465ee728b)
Start importing Assets/AK Studio Art/Art Gallery Vol.5/Materials/Picture Big 5.mat using Guid(63a4fa3db0d1cd546941a43b4de632ec) Importer(815301076,1909f56bfc062723c751e8b465ee728b)  -> (artifact id: '95b8c1f12865903dc96e5d1a11440d48') in 0.196089 seconds
Number of updated asset objects reloaded before import = 0
Number of asset objects unloaded after import = 3
========================================================================
Received Import Request.
  Time since last request: 0.000032 seconds.
  path: Assets/AK Studio Art/Art Gallery Vol.5/Materials/Abstract Lion.mat
  artifactKey: Guid(52146afd58847754c8d08a3132b02b06) Importer(815301076,1909f56bfc062723c751e8b465ee728b)
Start importing Assets/AK Studio Art/Art Gallery Vol.5/Materials/Abstract Lion.mat using Guid(52146afd58847754c8d08a3132b02b06) Importer(815301076,1909f56bfc062723c751e8b465ee728b)  -> (artifact id: 'f99d02e83191c654450af4d5524a9e3f') in 0.224175 seconds
Number of updated asset objects reloaded before import = 0
Number of asset objects unloaded after import = 5
========================================================================
Received Import Request.
  Time since last request: 0.003956 seconds.
  path: Assets/AK Studio Art/Art Gallery Vol.5/Materials/Picture Big 3.mat
  artifactKey: Guid(6511314255a80534cab6b9b7eca8000b) Importer(815301076,1909f56bfc062723c751e8b465ee728b)
Start importing Assets/AK Studio Art/Art Gallery Vol.5/Materials/Picture Big 3.mat using Guid(6511314255a80534cab6b9b7eca8000b) Importer(815301076,1909f56bfc062723c751e8b465ee728b)  -> (artifact id: '32284cb444ed84a5a2e8ee127b3de4ea') in 0.075895 seconds
Number of updated asset objects reloaded before import = 0
Number of asset objects unloaded after import = 3
========================================================================
Received Import Request.
  Time since last request: 0.000027 seconds.
  path: Assets/AK Studio Art/Art Gallery Vol.5/Materials/Abstract Ibex.mat
  artifactKey: Guid(e4e4c125f416a8548983122494c6709c) Importer(815301076,1909f56bfc062723c751e8b465ee728b)
Start importing Assets/AK Studio Art/Art Gallery Vol.5/Materials/Abstract Ibex.mat using Guid(e4e4c125f416a8548983122494c6709c) Importer(815301076,1909f56bfc062723c751e8b465ee728b)  -> (artifact id: '04d66a4740e8f252e59dcd5450edc68b') in 0.164369 seconds
Number of updated asset objects reloaded before import = 0
Number of asset objects unloaded after import = 5
========================================================================
Received Import Request.
  Time since last request: 0.000029 seconds.
  path: Assets/AK Studio Art/Art Gallery Vol.5/Materials/Picture Small 1.mat
  artifactKey: Guid(812306fa44c994243a0e1a216cbc7f7e) Importer(815301076,1909f56bfc062723c751e8b465ee728b)
Start importing Assets/AK Studio Art/Art Gallery Vol.5/Materials/Picture Small 1.mat using Guid(812306fa44c994243a0e1a216cbc7f7e) Importer(815301076,1909f56bfc062723c751e8b465ee728b)  -> (artifact id: 'dcf6f2146172262a4b081d19d7621ffa') in 0.056061 seconds
Number of updated asset objects reloaded before import = 0
Number of asset objects unloaded after import = 3
========================================================================
Received Import Request.
  Time since last request: 0.000027 seconds.
  path: Assets/AK Studio Art/Art Gallery Vol.5/Materials/Picture Small 3.mat
  artifactKey: Guid(714b8f4e623c443458a145bd93154e92) Importer(815301076,1909f56bfc062723c751e8b465ee728b)
Start importing Assets/AK Studio Art/Art Gallery Vol.5/Materials/Picture Small 3.mat using Guid(714b8f4e623c443458a145bd93154e92) Importer(815301076,1909f56bfc062723c751e8b465ee728b)  -> (artifact id: 'a63a75d74300f7b29b601e4185b8bfdf') in 0.118185 seconds
Number of updated asset objects reloaded before import = 0
Number of asset objects unloaded after import = 3
========================================================================
Received Import Request.
  Time since last request: 0.000960 seconds.
  path: Assets/AK Studio Art/Art Gallery Vol.5/Materials/Picture Small 8.mat
  artifactKey: Guid(2c9239ae78b95fd4198b48cf0fa61f9b) Importer(815301076,1909f56bfc062723c751e8b465ee728b)
Start importing Assets/AK Studio Art/Art Gallery Vol.5/Materials/Picture Small 8.mat using Guid(2c9239ae78b95fd4198b48cf0fa61f9b) Importer(815301076,1909f56bfc062723c751e8b465ee728b)  -> (artifact id: '4e59240e5441cc8acc0af10893388631') in 0.074845 seconds
Number of updated asset objects reloaded before import = 0
Number of asset objects unloaded after import = 3
========================================================================
Received Import Request.
  Time since last request: 0.000024 seconds.
  path: Assets/AK Studio Art/Art Gallery Vol.5/Materials/Picture Small 14.mat
  artifactKey: Guid(c1c7ae008297b224dbf66b3eac1ae505) Importer(815301076,1909f56bfc062723c751e8b465ee728b)
Start importing Assets/AK Studio Art/Art Gallery Vol.5/Materials/Picture Small 14.mat using Guid(c1c7ae008297b224dbf66b3eac1ae505) Importer(815301076,1909f56bfc062723c751e8b465ee728b)  -> (artifact id: 'a4d102ed851c42595627b1df2a54e2c6') in 0.059396 seconds
Number of updated asset objects reloaded before import = 0
Number of asset objects unloaded after import = 3
========================================================================
Received Import Request.
  Time since last request: 0.000040 seconds.
  path: Assets/AK Studio Art/Art Gallery Vol.5/Materials/Girl Statue.mat
  artifactKey: Guid(fb0d437c15a522943996de1d5f6f6000) Importer(815301076,1909f56bfc062723c751e8b465ee728b)
Start importing Assets/AK Studio Art/Art Gallery Vol.5/Materials/Girl Statue.mat using Guid(fb0d437c15a522943996de1d5f6f6000) Importer(815301076,1909f56bfc062723c751e8b465ee728b)  -> (artifact id: '95e97bbec395218fb3654de7f8285c07') in 0.175555 seconds
Number of updated asset objects reloaded before import = 0
Number of asset objects unloaded after import = 5
========================================================================
Received Import Request.
  Time since last request: 0.000025 seconds.
  path: Assets/AK Studio Art/Art Gallery Vol.5/Materials/Koala Statue.mat
  artifactKey: Guid(290eee79d5537944ca9e118b7701f110) Importer(815301076,1909f56bfc062723c751e8b465ee728b)
Start importing Assets/AK Studio Art/Art Gallery Vol.5/Materials/Koala Statue.mat using Guid(290eee79d5537944ca9e118b7701f110) Importer(815301076,1909f56bfc062723c751e8b465ee728b)  -> (artifact id: 'd9dfda6a19420df9f5cddb97bb982bf9') in 0.199586 seconds
Number of updated asset objects reloaded before import = 0
Number of asset objects unloaded after import = 5
========================================================================
Received Import Request.
  Time since last request: 0.000025 seconds.
  path: Assets/AK Studio Art/Art Gallery Vol.5/Materials/Glass.mat
  artifactKey: Guid(e15edfaf0a146ba46a9c56539bc5136b) Importer(815301076,1909f56bfc062723c751e8b465ee728b)
Start importing Assets/AK Studio Art/Art Gallery Vol.5/Materials/Glass.mat using Guid(e15edfaf0a146ba46a9c56539bc5136b) Importer(815301076,1909f56bfc062723c751e8b465ee728b)  -> (artifact id: '287fe8be027e93be307a1a1adbf30e7c') in 0.082086 seconds
Number of updated asset objects reloaded before import = 0
Number of asset objects unloaded after import = 2
========================================================================
Received Import Request.
  Time since last request: 0.002415 seconds.
  path: Assets/AK Studio Art/Art Gallery Vol.5/Materials/Brown.mat
  artifactKey: Guid(09bcdb260c5daa14db2c5a36243f49e6) Importer(815301076,1909f56bfc062723c751e8b465ee728b)
Start importing Assets/AK Studio Art/Art Gallery Vol.5/Materials/Brown.mat using Guid(09bcdb260c5daa14db2c5a36243f49e6) Importer(815301076,1909f56bfc062723c751e8b465ee728b)  -> (artifact id: 'd035ada781df30595f5dcc05754bde8b') in 0.022094 seconds
Number of updated asset objects reloaded before import = 0
Number of asset objects unloaded after import = 2
========================================================================
Received Import Request.
  Time since last request: 0.000026 seconds.
  path: Assets/AK Studio Art/Art Gallery Vol.5/Materials/Picture Big 7.mat
  artifactKey: Guid(b574644b66577714c942163d56a09c29) Importer(815301076,1909f56bfc062723c751e8b465ee728b)
Start importing Assets/AK Studio Art/Art Gallery Vol.5/Materials/Picture Big 7.mat using Guid(b574644b66577714c942163d56a09c29) Importer(815301076,1909f56bfc062723c751e8b465ee728b)  -> (artifact id: 'ecb99ea405c5e1caf00659c9f1a4f318') in 0.074869 seconds
Number of updated asset objects reloaded before import = 0
Number of asset objects unloaded after import = 3
========================================================================
Received Import Request.
  Time since last request: 31.324470 seconds.
  path: Assets/AK Studio Art/Art Gallery Vol.5/Materials/Abstract Figures.mat
  artifactKey: Guid(cde6ebe56322d8743bbd67a80e0d49f2) Importer(815301076,1909f56bfc062723c751e8b465ee728b)
Start importing Assets/AK Studio Art/Art Gallery Vol.5/Materials/Abstract Figures.mat using Guid(cde6ebe56322d8743bbd67a80e0d49f2) Importer(815301076,1909f56bfc062723c751e8b465ee728b)  -> (artifact id: '3e74af67e1d92c87bd05035b809d48fe') in 0.800743 seconds
Number of updated asset objects reloaded before import = 0
Number of asset objects unloaded after import = 5
========================================================================
Received Import Request.
  Time since last request: 0.000025 seconds.
  path: Assets/AK Studio Art/Art Gallery Vol.5/Materials/Picture Small 12.mat
  artifactKey: Guid(f8e4bd4761dac2740aee7917decd6848) Importer(815301076,1909f56bfc062723c751e8b465ee728b)
Start importing Assets/AK Studio Art/Art Gallery Vol.5/Materials/Picture Small 12.mat using Guid(f8e4bd4761dac2740aee7917decd6848) Importer(815301076,1909f56bfc062723c751e8b465ee728b)  -> (artifact id: '268fe1125b009c4f25857b9657afa72d') in 0.395029 seconds
Number of updated asset objects reloaded before import = 0
Number of asset objects unloaded after import = 3
========================================================================
Received Import Request.
  Time since last request: 0.000034 seconds.
  path: Assets/AK Studio Art/Art Gallery Vol.5/Materials/White 1.mat
  artifactKey: Guid(9cf75d3de210b984186f2ce09566c767) Importer(815301076,1909f56bfc062723c751e8b465ee728b)
Start importing Assets/AK Studio Art/Art Gallery Vol.5/Materials/White 1.mat using Guid(9cf75d3de210b984186f2ce09566c767) Importer(815301076,1909f56bfc062723c751e8b465ee728b)  -> (artifact id: 'd58b74f052e44f5ba24b8670b09bb382') in 0.017772 seconds
Number of updated asset objects reloaded before import = 0
Number of asset objects unloaded after import = 2
========================================================================
Received Import Request.
  Time since last request: 0.000025 seconds.
  path: Assets/AK Studio Art/Art Gallery Vol.5/Materials/Picture Small 13.mat
  artifactKey: Guid(3faf28dcb7979b74f822b87601a91937) Importer(815301076,1909f56bfc062723c751e8b465ee728b)
Start importing Assets/AK Studio Art/Art Gallery Vol.5/Materials/Picture Small 13.mat using Guid(3faf28dcb7979b74f822b87601a91937) Importer(815301076,1909f56bfc062723c751e8b465ee728b)  -> (artifact id: '9fa8a44fc0e78670ee1418090a3810bf') in 0.118825 seconds
Number of updated asset objects reloaded before import = 0
Number of asset objects unloaded after import = 3
========================================================================
Received Import Request.
  Time since last request: 0.000023 seconds.
  path: Assets/AK Studio Art/Art Gallery Vol.5/Materials/Picture Big 1.mat
  artifactKey: Guid(61f32dec19c308f4885de00b377de1a9) Importer(815301076,1909f56bfc062723c751e8b465ee728b)
Start importing Assets/AK Studio Art/Art Gallery Vol.5/Materials/Picture Big 1.mat using Guid(61f32dec19c308f4885de00b377de1a9) Importer(815301076,1909f56bfc062723c751e8b465ee728b)  -> (artifact id: 'f6ae28c7b018319d5cc868f42971cddc') in 0.079740 seconds
Number of updated asset objects reloaded before import = 0
Number of asset objects unloaded after import = 3
========================================================================
Received Import Request.
  Time since last request: 0.000029 seconds.
  path: Assets/AK Studio Art/Art Gallery Vol.5/Materials/Gray.mat
  artifactKey: Guid(d6ad509166246a545b664af0373dfa50) Importer(815301076,1909f56bfc062723c751e8b465ee728b)
Start importing Assets/AK Studio Art/Art Gallery Vol.5/Materials/Gray.mat using Guid(d6ad509166246a545b664af0373dfa50) Importer(815301076,1909f56bfc062723c751e8b465ee728b)  -> (artifact id: 'e83d427aa190d0ce12c3ad7193947747') in 0.079373 seconds
Number of updated asset objects reloaded before import = 0
Number of asset objects unloaded after import = 2
========================================================================
Received Import Request.
  Time since last request: 0.000030 seconds.
  path: Assets/AK Studio Art/Art Gallery Vol.5/Materials/Picture Big 2.mat
  artifactKey: Guid(1488bee87b320734ba634e37a60a8c06) Importer(815301076,1909f56bfc062723c751e8b465ee728b)
Start importing Assets/AK Studio Art/Art Gallery Vol.5/Materials/Picture Big 2.mat using Guid(1488bee87b320734ba634e37a60a8c06) Importer(815301076,1909f56bfc062723c751e8b465ee728b)  -> (artifact id: '336b0b129458e4edfc32e8175361e6f4') in 0.074154 seconds
Number of updated asset objects reloaded before import = 0
Number of asset objects unloaded after import = 3
========================================================================
Received Import Request.
  Time since last request: 0.000018 seconds.
  path: Assets/AK Studio Art/Art Gallery Vol.5/Materials/Picture Big 10.mat
  artifactKey: Guid(8a277ec62c94c3e41b2eb5760f8ef86a) Importer(815301076,1909f56bfc062723c751e8b465ee728b)
Start importing Assets/AK Studio Art/Art Gallery Vol.5/Materials/Picture Big 10.mat using Guid(8a277ec62c94c3e41b2eb5760f8ef86a) Importer(815301076,1909f56bfc062723c751e8b465ee728b)  -> (artifact id: 'fe25507b6cdecf0c1de3085f1999a2a0') in 0.047806 seconds
Number of updated asset objects reloaded before import = 0
Number of asset objects unloaded after import = 3
========================================================================
Received Import Request.
  Time since last request: 0.000023 seconds.
  path: Assets/AK Studio Art/Art Gallery Vol.5/Materials/Picture Big 4.mat
  artifactKey: Guid(a0cc0167a188d684584b2f327d48083d) Importer(815301076,1909f56bfc062723c751e8b465ee728b)
Start importing Assets/AK Studio Art/Art Gallery Vol.5/Materials/Picture Big 4.mat using Guid(a0cc0167a188d684584b2f327d48083d) Importer(815301076,1909f56bfc062723c751e8b465ee728b)  -> (artifact id: '43d3d8388c8e6da9d8f2b630c25c1e06') in 0.046932 seconds
Number of updated asset objects reloaded before import = 0
Number of asset objects unloaded after import = 3
========================================================================
Received Import Request.
  Time since last request: 0.000029 seconds.
  path: Assets/AK Studio Art/Art Gallery Vol.5/Materials/Picture Small 3.mat
  artifactKey: Guid(714b8f4e623c443458a145bd93154e92) Importer(815301076,1909f56bfc062723c751e8b465ee728b)
Start importing Assets/AK Studio Art/Art Gallery Vol.5/Materials/Picture Small 3.mat using Guid(714b8f4e623c443458a145bd93154e92) Importer(815301076,1909f56bfc062723c751e8b465ee728b)  -> (artifact id: 'ec3e239e4387b2486b147b51f6081218') in 0.045517 seconds
Number of updated asset objects reloaded before import = 0
Number of asset objects unloaded after import = 3
========================================================================
Received Import Request.
  Time since last request: 0.000070 seconds.
  path: Assets/AK Studio Art/Art Gallery Vol.5/Materials/Wood Floor.mat
  artifactKey: Guid(ad3064361137b4b4688dd708c0382b18) Importer(815301076,1909f56bfc062723c751e8b465ee728b)
Start importing Assets/AK Studio Art/Art Gallery Vol.5/Materials/Wood Floor.mat using Guid(ad3064361137b4b4688dd708c0382b18) Importer(815301076,1909f56bfc062723c751e8b465ee728b)  -> (artifact id: '9b6f02b3aed0df2bb6da3ab8713cb9a5') in 0.122888 seconds
Number of updated asset objects reloaded before import = 0
Number of asset objects unloaded after import = 5
========================================================================
Received Import Request.
  Time since last request: 0.000026 seconds.
  path: Assets/AK Studio Art/Art Gallery Vol.5/Materials/Picture Small 8.mat
  artifactKey: Guid(2c9239ae78b95fd4198b48cf0fa61f9b) Importer(815301076,1909f56bfc062723c751e8b465ee728b)
Start importing Assets/AK Studio Art/Art Gallery Vol.5/Materials/Picture Small 8.mat using Guid(2c9239ae78b95fd4198b48cf0fa61f9b) Importer(815301076,1909f56bfc062723c751e8b465ee728b)  -> (artifact id: '7dee7f4cec5a22065947b19d4ff7e0f6') in 0.042509 seconds
Number of updated asset objects reloaded before import = 0
Number of asset objects unloaded after import = 3
========================================================================
Received Import Request.
  Time since last request: 0.000024 seconds.
  path: Assets/AK Studio Art/Art Gallery Vol.5/Materials/Picture Big 6.mat
  artifactKey: Guid(42489ee6408f47b4596c360b2eaafa46) Importer(815301076,1909f56bfc062723c751e8b465ee728b)
Start importing Assets/AK Studio Art/Art Gallery Vol.5/Materials/Picture Big 6.mat using Guid(42489ee6408f47b4596c360b2eaafa46) Importer(815301076,1909f56bfc062723c751e8b465ee728b)  -> (artifact id: '1ac37940858f6f8b795b8efa72a4e290') in 0.054542 seconds
Number of updated asset objects reloaded before import = 0
Number of asset objects unloaded after import = 3
========================================================================
Received Import Request.
  Time since last request: 0.000023 seconds.
  path: Assets/AK Studio Art/Art Gallery Vol.5/Materials/Picture Big 8.mat
  artifactKey: Guid(735dc14319644d24c871842da311f945) Importer(815301076,1909f56bfc062723c751e8b465ee728b)
Start importing Assets/AK Studio Art/Art Gallery Vol.5/Materials/Picture Big 8.mat using Guid(735dc14319644d24c871842da311f945) Importer(815301076,1909f56bfc062723c751e8b465ee728b)  -> (artifact id: 'db7c9f0998c1a359462c61be1c397a96') in 0.061084 seconds
Number of updated asset objects reloaded before import = 0
Number of asset objects unloaded after import = 3
========================================================================
Received Import Request.
  Time since last request: 0.000034 seconds.
  path: Assets/AK Studio Art/Art Gallery Vol.5/Materials/Picture Small 11.mat
  artifactKey: Guid(c865bb81315cddb44ab8c0ff7ca4f7ec) Importer(815301076,1909f56bfc062723c751e8b465ee728b)
Start importing Assets/AK Studio Art/Art Gallery Vol.5/Materials/Picture Small 11.mat using Guid(c865bb81315cddb44ab8c0ff7ca4f7ec) Importer(815301076,1909f56bfc062723c751e8b465ee728b)  -> (artifact id: 'b428b3962682100ab472c301052add9c') in 0.130269 seconds
Number of updated asset objects reloaded before import = 0
Number of asset objects unloaded after import = 3
========================================================================
Received Import Request.
  Time since last request: 0.000024 seconds.
  path: Assets/AK Studio Art/Art Gallery Vol.5/Materials/Black.mat
  artifactKey: Guid(bace1b26fbaff864eb2056eb08b7afe1) Importer(815301076,1909f56bfc062723c751e8b465ee728b)
Start importing Assets/AK Studio Art/Art Gallery Vol.5/Materials/Black.mat using Guid(bace1b26fbaff864eb2056eb08b7afe1) Importer(815301076,1909f56bfc062723c751e8b465ee728b)  -> (artifact id: '6b103a3f51cddef2dbc69496d3676aac') in 0.036717 seconds
Number of updated asset objects reloaded before import = 0
Number of asset objects unloaded after import = 2
========================================================================
Received Import Request.
  Time since last request: 0.000029 seconds.
  path: Assets/AK Studio Art/Art Gallery Vol.5/Materials/Picture Small 16.mat
  artifactKey: Guid(bc68c219d0be30b4d9bcb10b2d64dcc9) Importer(815301076,1909f56bfc062723c751e8b465ee728b)
Start importing Assets/AK Studio Art/Art Gallery Vol.5/Materials/Picture Small 16.mat using Guid(bc68c219d0be30b4d9bcb10b2d64dcc9) Importer(815301076,1909f56bfc062723c751e8b465ee728b)  -> (artifact id: '1c5e02f665f2ef6b7c70dc6c6bbeda39') in 0.176747 seconds
Number of updated asset objects reloaded before import = 0
Number of asset objects unloaded after import = 3
========================================================================
Received Import Request.
  Time since last request: 0.000032 seconds.
  path: Assets/AK Studio Art/Art Gallery Vol.5/Materials/Glass.mat
  artifactKey: Guid(e15edfaf0a146ba46a9c56539bc5136b) Importer(815301076,1909f56bfc062723c751e8b465ee728b)
Start importing Assets/AK Studio Art/Art Gallery Vol.5/Materials/Glass.mat using Guid(e15edfaf0a146ba46a9c56539bc5136b) Importer(815301076,1909f56bfc062723c751e8b465ee728b)  -> (artifact id: '68998193a733eda965319d2654187168') in 0.383983 seconds
Number of updated asset objects reloaded before import = 0
Number of asset objects unloaded after import = 2
